<?xml version="1.0" encoding="UTF-8"?>
<!-- Generated by org.testng.reporters.JUnitReportReporter -->
<testsuite hostname="SanManu" failures="0" tests="1" name="programs.ordersandwords" time="0.007" errors="0" timestamp="2022-04-28T13:54:27 CDT" skipped="0">
  <testcase classname="programs.ordersandwords" name="test2" time="0.007"/>
  <system-out/>
</testsuite> <!-- programs.ordersandwords -->
