<?xml version="1.0" encoding="UTF-8"?>
<!-- Generated by org.testng.reporters.JUnitReportReporter -->
<testsuite hostname="SanManu" failures="0" tests="1" name="programs.twoandfive" time="0.012" errors="0" timestamp="2022-03-19T21:47:54 CDT" skipped="0">
  <testcase classname="programs.twoandfive" name="test1" time="0.012"/>
  <system-out/>
</testsuite> <!-- programs.twoandfive -->
