<?xml version="1.0" encoding="UTF-8"?>
<!-- Generated by org.testng.reporters.JUnitReportReporter -->
<testsuite hostname="SanManu" failures="0" tests="2" name="programs.lexicalorder" time="0.012" errors="0" timestamp="2022-04-11T15:47:01 CDT" skipped="0">
  <testcase classname="programs.lexicalorder" name="test1" time="0.011"/>
  <system-out/>
  <testcase classname="programs.lexicalorder" name="test2" time="0.001"/>
  <system-out/>
</testsuite> <!-- programs.lexicalorder -->
