<?xml version="1.0" encoding="UTF-8"?>
<!-- Generated by org.testng.reporters.JUnitReportReporter -->
<testsuite hostname="SanManu" failures="0" tests="3" name="programs.selfdivisor" time="0.015" errors="0" timestamp="2022-05-03T16:49:15 CDT" skipped="0">
  <testcase classname="programs.selfdivisor" name="test1" time="0.009"/>
  <system-out/>
  <testcase classname="programs.selfdivisor" name="test2" time="0.005"/>
  <system-out/>
  <testcase classname="programs.selfdivisor" name="test3" time="0.001"/>
  <system-out/>
</testsuite> <!-- programs.selfdivisor -->
