<?xml version="1.0" encoding="UTF-8"?>
<!-- Generated by org.testng.reporters.JUnitReportReporter -->
<testsuite hostname="SanManu" failures="0" tests="2" name="frequency" time="0.011" errors="0" timestamp="2022-03-01T16:50:28 CST" skipped="0">
  <testcase classname="frequency" name="test2" time="0.002"/>
  <system-out/>
  <testcase classname="frequency" name="test1" time="0.009"/>
  <system-out/>
</testsuite> <!-- frequency -->
