<?xml version="1.0" encoding="UTF-8"?>
<!-- Generated by org.testng.reporters.JUnitReportReporter -->
<testsuite hostname="SanManu" failures="0" tests="1" name="programs.maximumsum" time="0.011" errors="0" timestamp="2022-04-08T12:03:03 CDT" skipped="0">
  <testcase classname="programs.maximumsum" name="test1" time="0.011"/>
  <system-out/>
</testsuite> <!-- programs.maximumsum -->
