<?xml version="1.0" encoding="UTF-8"?>
<!-- Generated by org.testng.reporters.JUnitReportReporter -->
<testsuite hostname="SanManu" failures="0" tests="1" name="programs.functioncap" time="0.004" errors="0" timestamp="2022-05-04T19:58:01 CDT" skipped="0">
  <testcase classname="programs.functioncap" name="test1" time="0.004"/>
  <system-out/>
</testsuite> <!-- programs.functioncap -->
