<?xml version="1.0" encoding="UTF-8"?>
<!-- Generated by org.testng.reporters.JUnitReportReporter -->
<testsuite hostname="SanManu" failures="0" tests="2" name="programs.substringwithlength2" time="0.006" errors="0" timestamp="2022-03-30T16:18:03 CDT" skipped="0">
  <testcase classname="programs.substringwithlength2" name="test" time="0.005"/>
  <system-out/>
  <testcase classname="programs.substringwithlength2" name="test2" time="0.001"/>
  <system-out/>
</testsuite> <!-- programs.substringwithlength2 -->
