<?xml version="1.0" encoding="UTF-8"?>
<!-- Generated by org.testng.reporters.JUnitReportReporter -->
<testsuite hostname="SanManu" failures="0" tests="1" name="programs.jewels" time="0.007" errors="0" timestamp="2022-04-06T23:25:01 CDT" skipped="0">
  <testcase classname="programs.jewels" name="test" time="0.007"/>
  <system-out/>
</testsuite> <!-- programs.jewels -->
