<?xml version="1.0" encoding="UTF-8"?>
<!-- Generated by org.testng.reporters.JUnitReportReporter -->
<testsuite hostname="SanManu" failures="0" tests="2" name="programs.orderandwords" time="0.014" errors="0" timestamp="2022-04-18T15:29:25 CDT" skipped="0">
  <testcase classname="programs.orderandwords" name="test2" time="0.000"/>
  <system-out/>
  <testcase classname="programs.orderandwords" name="test1" time="0.014"/>
  <system-out/>
</testsuite> <!-- programs.orderandwords -->
