<?xml version="1.0" encoding="UTF-8"?>
<!-- Generated by org.testng.reporters.JUnitReportReporter -->
<testsuite hostname="SanManu" failures="0" tests="3" name="programs.substrings" time="0.010" errors="0" timestamp="2022-04-12T22:38:38 CDT" skipped="0">
  <testcase classname="programs.substrings" name="test3" time="0.001"/>
  <system-out/>
  <testcase classname="programs.substrings" name="test2" time="0.002"/>
  <system-out/>
  <testcase classname="programs.substrings" name="test" time="0.007"/>
  <system-out/>
</testsuite> <!-- programs.substrings -->
