<?xml version="1.0" encoding="UTF-8"?>
<!-- Generated by org.testng.reporters.JUnitReportReporter -->
<testsuite hostname="SanManu" failures="0" tests="3" name="programs.frequencyinput" time="0.008" errors="0" timestamp="2022-03-21T16:37:26 CDT" skipped="0">
  <testcase classname="programs.frequencyinput" name="test1" time="0.007"/>
  <system-out/>
  <testcase classname="programs.frequencyinput" name="test2" time="0.001"/>
  <system-out/>
  <testcase classname="programs.frequencyinput" name="test3" time="0.000"/>
  <system-out/>
</testsuite> <!-- programs.frequencyinput -->
