<?xml version="1.0" encoding="UTF-8"?>
<!-- Generated by org.testng.reporters.JUnitReportReporter -->
<testsuite hostname="SanManu" failures="0" tests="2" name="programs.threestrings" time="0.008" errors="0" timestamp="2022-04-06T22:56:07 CDT" skipped="0">
  <testcase classname="programs.threestrings" name="test2" time="0.001"/>
  <system-out/>
  <testcase classname="programs.threestrings" name="test1" time="0.007"/>
  <system-out/>
</testsuite> <!-- programs.threestrings -->
