<?xml version="1.0" encoding="UTF-8"?>
<!-- Generated by org.testng.reporters.JUnitReportReporter -->
<testsuite hostname="SanManu" failures="0" tests="2" name="duplicate" time="0.012" errors="0" timestamp="2022-02-24T17:12:01 CST" skipped="0">
  <testcase classname="duplicate" name="test2" time="0.000"/>
  <system-out/>
  <testcase classname="duplicate" name="test1" time="0.012"/>
  <system-out/>
</testsuite> <!-- duplicate -->
