<?xml version="1.0" encoding="UTF-8"?>
<!-- Generated by org.testng.reporters.JUnitReportReporter -->
<testsuite hostname="SanManu" failures="0" tests="2" name="programs.consecutiveones" time="0.007" errors="0" timestamp="2022-04-04T13:59:00 CDT" skipped="0">
  <testcase classname="programs.consecutiveones" name="test2" time="0.001"/>
  <system-out/>
  <testcase classname="programs.consecutiveones" name="test1" time="0.006"/>
  <system-out/>
</testsuite> <!-- programs.consecutiveones -->
