<?xml version="1.0" encoding="UTF-8"?>
<!-- Generated by org.testng.reporters.JUnitReportReporter -->
<testsuite hostname="SanManu" failures="0" tests="2" name="programs.majority" time="0.019" errors="0" timestamp="2022-04-07T23:38:00 CDT" skipped="0">
  <testcase classname="programs.majority" name="test1" time="0.017"/>
  <system-out/>
  <testcase classname="programs.majority" name="test2" time="0.002"/>
  <system-out/>
</testsuite> <!-- programs.majority -->
