<?xml version="1.0" encoding="UTF-8"?>
<!-- Generated by org.testng.reporters.JUnitReportReporter -->
<testsuite hostname="SanManu" failures="0" tests="1" name="arrayreverse" time="0.009" errors="0" timestamp="2022-03-15T16:39:54 CDT" skipped="0">
  <testcase classname="arrayreverse" name="test1" time="0.009"/>
  <system-out/>
</testsuite> <!-- arrayreverse -->
