<?xml version="1.0" encoding="UTF-8"?>
<!-- Generated by org.testng.reporters.JUnitReportReporter -->
<testsuite hostname="SanManu" failures="0" tests="3" name="programs.frequencyarray" time="0.011" errors="0" timestamp="2022-03-21T16:23:03 CDT" skipped="0">
  <testcase classname="programs.frequencyarray" name="test3" time="0.004"/>
  <system-out/>
  <testcase classname="programs.frequencyarray" name="test1" time="0.006"/>
  <system-out/>
  <testcase classname="programs.frequencyarray" name="test2" time="0.001"/>
  <system-out/>
</testsuite> <!-- programs.frequencyarray -->
