<?xml version="1.0" encoding="UTF-8"?>
<!-- Generated by org.testng.reporters.JUnitReportReporter -->
<testsuite hostname="SanManu" failures="0" tests="3" name="programs.frequencyarray" time="0.008" errors="0" timestamp="2022-05-04T23:44:17 CDT" skipped="0">
  <testcase classname="programs.frequencyarray" name="test3" time="0.003"/>
  <system-out/>
  <testcase classname="programs.frequencyarray" name="test1" time="0.005"/>
  <system-out/>
  <testcase classname="programs.frequencyarray" name="test2" time="0.000"/>
  <system-out/>
</testsuite> <!-- programs.frequencyarray -->
