<?xml version="1.0" encoding="UTF-8"?>
<!-- Generated by org.testng.reporters.JUnitReportReporter -->
<testsuite hostname="SanManu" failures="0" tests="2" name="programs.vowelsubstrings" time="0.009" errors="0" timestamp="2022-05-06T14:45:37 CDT" skipped="0">
  <testcase classname="programs.vowelsubstrings" name="test1" time="0.008"/>
  <system-out/>
  <testcase classname="programs.vowelsubstrings" name="test2" time="0.001"/>
  <system-out/>
</testsuite> <!-- programs.vowelsubstrings -->
