<?xml version="1.0" encoding="UTF-8"?>
<!-- Generated by org.testng.reporters.JUnitReportReporter -->
<testsuite hostname="SanManu" failures="0" tests="1" name="programs.wordscount" time="0.009" errors="0" timestamp="2022-04-04T15:40:20 CDT" skipped="0">
  <testcase classname="programs.wordscount" name="test1" time="0.009"/>
  <system-out/>
</testsuite> <!-- programs.wordscount -->
