<?xml version="1.0" encoding="UTF-8"?>
<!-- Generated by org.testng.reporters.JUnitReportReporter -->
<testsuite hostname="SanManu" failures="0" tests="2" name="programs.commonelementsinarray" time="0.011" errors="0" timestamp="2022-04-29T16:50:14 CDT" skipped="0">
  <testcase classname="programs.commonelementsinarray" name="test2" time="0.001"/>
  <system-out/>
  <testcase classname="programs.commonelementsinarray" name="test1" time="0.010"/>
  <system-out/>
</testsuite> <!-- programs.commonelementsinarray -->
