<?xml version="1.0" encoding="UTF-8"?>
<!-- Generated by org.testng.reporters.JUnitReportReporter -->
<testsuite hostname="SanManu" failures="0" tests="1" name="salesforcetest.salesforce" time="0.057" errors="0" timestamp="2022-03-08T16:11:18 CST" skipped="0">
  <testcase classname="salesforcetest.salesforce" name="clicktryfree" time="0.057"/>
  <system-out/>
</testsuite> <!-- salesforcetest.salesforce -->
