<?xml version="1.0" encoding="UTF-8"?>
<!-- Generated by org.testng.reporters.JUnitReportReporter -->
<testsuite hostname="SanManu" failures="0" tests="1" name="programs.commonelementsinarray" time="0.006" errors="0" timestamp="2022-04-29T12:19:58 CDT" skipped="0">
  <testcase classname="programs.commonelementsinarray" name="test1" time="0.006"/>
  <system-out/>
</testsuite> <!-- programs.commonelementsinarray -->
