<?xml version="1.0" encoding="UTF-8"?>
<!-- Generated by org.testng.reporters.JUnitReportReporter -->
<testsuite hostname="SanManu" failures="0" tests="2" name="programs.distinct" time="0.012" errors="0" timestamp="2022-04-18T00:59:41 CDT" skipped="0">
  <testcase classname="programs.distinct" name="test2" time="0.001"/>
  <system-out/>
  <testcase classname="programs.distinct" name="test1" time="0.011"/>
  <system-out/>
</testsuite> <!-- programs.distinct -->
