<?xml version="1.0" encoding="UTF-8"?>
<!-- Generated by org.testng.reporters.JUnitReportReporter -->
<testsuite hostname="SanManu" failures="0" tests="3" name="programs.wordsrearrange" time="0.013" errors="0" timestamp="2022-03-19T21:39:05 CDT" skipped="0">
  <testcase classname="programs.wordsrearrange" name="test1" time="0.011"/>
  <system-out/>
  <testcase classname="programs.wordsrearrange" name="test2" time="0.001"/>
  <system-out/>
  <testcase classname="programs.wordsrearrange" name="test3" time="0.001"/>
  <system-out/>
</testsuite> <!-- programs.wordsrearrange -->
