<?xml version="1.0" encoding="UTF-8"?>
<!-- Generated by org.testng.reporters.JUnitReportReporter -->
<testsuite hostname="SanManu" failures="0" tests="5" name="Fizzbuzz" time="0.020" errors="0" timestamp="2022-02-26T15:54:25 CST" skipped="0">
  <testcase classname="Fizzbuzz" name="test3" time="0.001"/>
  <system-out/>
  <testcase classname="Fizzbuzz" name="test1" time="0.016"/>
  <system-out/>
  <testcase classname="Fizzbuzz" name="test4" time="0.001"/>
  <system-out/>
  <testcase classname="Fizzbuzz" name="test5" time="0.001"/>
  <system-out/>
  <testcase classname="Fizzbuzz" name="test2" time="0.001"/>
  <system-out/>
</testsuite> <!-- Fizzbuzz -->
