<?xml version="1.0" encoding="UTF-8"?>
<!-- Generated by org.testng.reporters.JUnitReportReporter -->
<testsuite hostname="SanManu" failures="0" tests="3" name="programs.uniqueelement" time="0.016" errors="0" timestamp="2022-03-22T17:43:55 CDT" skipped="0">
  <testcase classname="programs.uniqueelement" name="test1" time="0.009"/>
  <system-out/>
  <testcase classname="programs.uniqueelement" name="test2" time="0.001"/>
  <system-out/>
  <testcase classname="programs.uniqueelement" name="test3" time="0.006"/>
  <system-out/>
</testsuite> <!-- programs.uniqueelement -->
