<?xml version="1.0" encoding="UTF-8"?>
<!-- Generated by org.testng.reporters.JUnitReportReporter -->
<testsuite hostname="SanManu" failures="0" tests="1" name="programs.descendingfrequency" time="0.007" errors="0" timestamp="2022-04-06T22:41:40 CDT" skipped="0">
  <testcase classname="programs.descendingfrequency" name="test1" time="0.007"/>
  <system-out/>
</testsuite> <!-- programs.descendingfrequency -->
