<?xml version="1.0" encoding="UTF-8"?>
<!-- Generated by org.testng.reporters.JUnitReportReporter -->
<testsuite hostname="SanManu" failures="0" tests="2" name="hmapimp.hmapcall" time="0.010" errors="0" timestamp="2022-04-12T00:19:44 CDT" skipped="0">
  <testcase classname="hmapimp.hmapcall" name="test1" time="0.009"/>
  <system-out/>
  <testcase classname="hmapimp.hmapcall" name="test2" time="0.001"/>
  <system-out/>
</testsuite> <!-- hmapimp.hmapcall -->
