<?xml version="1.0" encoding="UTF-8"?>
<!-- Generated by org.testng.reporters.JUnitReportReporter -->
<testsuite hostname="SanManu" failures="0" tests="2" name="programs.arraysegmemts" time="0.009" errors="0" timestamp="2022-05-04T15:38:46 CDT" skipped="0">
  <testcase classname="programs.arraysegmemts" name="test1" time="0.008"/>
  <system-out/>
  <testcase classname="programs.arraysegmemts" name="test2" time="0.001"/>
  <system-out/>
</testsuite> <!-- programs.arraysegmemts -->
