<?xml version="1.0" encoding="UTF-8"?>
<!-- Generated by org.testng.reporters.JUnitReportReporter -->
<testsuite hostname="SanManu" failures="0" tests="2" name="programs.homogenoussubstrings" time="0.009" errors="0" timestamp="2022-05-05T23:21:19 CDT" skipped="0">
  <testcase classname="programs.homogenoussubstrings" name="test2" time="0.001"/>
  <system-out/>
  <testcase classname="programs.homogenoussubstrings" name="test1" time="0.008"/>
  <system-out/>
</testsuite> <!-- programs.homogenoussubstrings -->
