<?xml version="1.0" encoding="UTF-8"?>
<!-- Generated by org.testng.reporters.JUnitReportReporter -->
<testsuite hostname="SanManu" failures="0" tests="1" name="programs.arraynextelement" time="0.005" errors="0" timestamp="2022-03-28T14:21:39 CDT" skipped="0">
  <testcase classname="programs.arraynextelement" name="test1" time="0.005"/>
  <system-out/>
</testsuite> <!-- programs.arraynextelement -->
