<?xml version="1.0" encoding="UTF-8"?>
<!-- Generated by org.testng.reporters.JUnitReportReporter -->
<testsuite hostname="SanManu" failures="0" tests="3" name="programs.addtwostrings" time="0.015" errors="0" timestamp="2022-03-24T11:08:24 CDT" skipped="0">
  <testcase classname="programs.addtwostrings" name="test1" time="0.008"/>
  <system-out/>
  <testcase classname="programs.addtwostrings" name="test2" time="0.006"/>
  <system-out/>
  <testcase classname="programs.addtwostrings" name="test3" time="0.001"/>
  <system-out/>
</testsuite> <!-- programs.addtwostrings -->
