<?xml version="1.0" encoding="UTF-8"?>
<!-- Generated by org.testng.reporters.JUnitReportReporter -->
<testsuite hostname="SanManu" failures="0" tests="2" name="programs.squareandcube" time="0.010" errors="0" timestamp="2022-04-13T16:51:44 CDT" skipped="0">
  <testcase classname="programs.squareandcube" name="test2" time="0.001"/>
  <system-out/>
  <testcase classname="programs.squareandcube" name="test1" time="0.009"/>
  <system-out/>
</testsuite> <!-- programs.squareandcube -->
