<?xml version="1.0" encoding="UTF-8"?>
<!-- Generated by org.testng.reporters.JUnitReportReporter -->
<testsuite hostname="SanManu" failures="0" tests="2" name="programs.frequencyinput" time="0.007" errors="0" timestamp="2022-05-04T23:52:13 CDT" skipped="0">
  <testcase classname="programs.frequencyinput" name="test2" time="0.000"/>
  <system-out/>
  <testcase classname="programs.frequencyinput" name="test1" time="0.007"/>
  <system-out/>
</testsuite> <!-- programs.frequencyinput -->
