<?xml version="1.0" encoding="UTF-8"?>
<!-- Generated by org.testng.reporters.JUnitReportReporter -->
<testsuite hostname="SanManu" failures="0" tests="1" name="datatable" time="0.105" errors="0" timestamp="2022-03-08T16:30:58 CST" skipped="0">
  <testcase classname="datatable" name="test1" time="0.105"/>
  <system-out/>
</testsuite> <!-- datatable -->
