<?xml version="1.0" encoding="UTF-8"?>
<!-- Generated by org.testng.reporters.JUnitReportReporter -->
<testsuite hostname="SanManu" failures="0" tests="3" name="replacevowels" time="0.008" errors="0" timestamp="2022-03-17T16:23:11 CDT" skipped="0">
  <testcase classname="replacevowels" name="test3" time="0.001"/>
  <system-out/>
  <testcase classname="replacevowels" name="test1" time="0.006"/>
  <system-out/>
  <testcase classname="replacevowels" name="test2" time="0.001"/>
  <system-out/>
</testsuite> <!-- replacevowels -->
