<?xml version="1.0" encoding="UTF-8"?>
<!-- Generated by org.testng.reporters.JUnitReportReporter -->
<testsuite hostname="SanManu" failures="0" tests="3" name="programs.anagram" time="0.010" errors="0" timestamp="2022-04-21T13:03:12 CDT" skipped="0">
  <testcase classname="programs.anagram" name="test3" time="0.004"/>
  <system-out/>
  <testcase classname="programs.anagram" name="test2" time="0.000"/>
  <system-out/>
  <testcase classname="programs.anagram" name="test1" time="0.006"/>
  <system-out/>
</testsuite> <!-- programs.anagram -->
