<?xml version="1.0" encoding="UTF-8"?>
<!-- Generated by org.testng.reporters.JUnitReportReporter -->
<testsuite hostname="SanManu" failures="0" tests="5" name="indexreturn" time="0.011" errors="0" timestamp="2022-03-03T17:05:22 CST" skipped="0">
  <testcase classname="indexreturn" name="test5" time="0.002"/>
  <system-out/>
  <testcase classname="indexreturn" name="test1" time="0.007"/>
  <system-out/>
  <testcase classname="indexreturn" name="test2" time="0.001"/>
  <system-out/>
  <testcase classname="indexreturn" name="test3" time="0.001"/>
  <system-out/>
  <testcase classname="indexreturn" name="test4" time="0.000"/>
  <system-out/>
</testsuite> <!-- indexreturn -->
