<?xml version="1.0" encoding="UTF-8"?>
<!-- Generated by org.testng.reporters.JUnitReportReporter -->
<testsuite hostname="SanManu" failures="0" tests="2" name="programs.arraysegmemts" time="0.012" errors="0" timestamp="2022-04-14T14:09:49 CDT" skipped="0">
  <testcase classname="programs.arraysegmemts" name="test2" time="0.002"/>
  <system-out/>
  <testcase classname="programs.arraysegmemts" name="test1" time="0.010"/>
  <system-out/>
</testsuite> <!-- programs.arraysegmemts -->
