<?xml version="1.0" encoding="UTF-8"?>
<!-- Generated by org.testng.reporters.JUnitReportReporter -->
<testsuite hostname="SanManu" failures="0" tests="2" name="programs.replacedigit" time="0.005" errors="0" timestamp="2022-04-06T16:20:36 CDT" skipped="0">
  <testcase classname="programs.replacedigit" name="test2" time="0.000"/>
  <system-out/>
  <testcase classname="programs.replacedigit" name="test1" time="0.005"/>
  <system-out/>
</testsuite> <!-- programs.replacedigit -->
