<?xml version="1.0" encoding="UTF-8"?>
<!-- Generated by org.testng.reporters.JUnitReportReporter -->
<testsuite hostname="SanManu" failures="0" tests="2" name="programs.substringpalindrome" time="0.013" errors="0" timestamp="2022-03-29T22:41:53 CDT" skipped="0">
  <testcase classname="programs.substringpalindrome" name="test2" time="0.000"/>
  <system-out/>
  <testcase classname="programs.substringpalindrome" name="test" time="0.013"/>
  <system-out/>
</testsuite> <!-- programs.substringpalindrome -->
